============================================================
OpenClaw Harness v11.0 - Actionability-Focused Executor
核心：强化可操作性要求，提升 Actionability 评分
============================================================
[core_001] Executor(research)... 质量:68(深:L4完:L3行:L3) 延迟:30.1s
[core_002] Executor(code)... 质量:0(深:L1完:L1行:L1) 延迟:26.6s
[core_003] Executor(research)... 质量:38(深:L3完:L2行:L2) 延迟:30.4s
[core_004] Executor(code)... 质量:30(深:L3完:L2行:L2) 延迟:22.1s
[core_005] Executor(review)... 质量:50(深:L3完:L3行:L3) 延迟:33.7s
[core_006] Executor(research)... 质量:48(深:L3完:L3行:L2) 延迟:32.2s
[core_007] Executor(code)... 质量:25(深:L2完:L2行:L2) 延迟:21.6s
[core_008] Executor(research)... 质量:72(深:L4完:L3行:L4) 延迟:30.3s
[core_009] Executor(code)... 质量:38(深:L3完:L2行:L2) 延迟:34.5s
[core_010] Executor(review)... 质量:65(深:L4完:L3行:L3) 延迟:35.0s
[gen_001] Executor(research)... 质量:42(深:L3完:L2行:L2) 延迟:30.0s
[gen_002] Executor(code)... 质量:25(深:L2完:L1行:L2) 延迟:28.3s
[gen_003] Executor(review)... 质量:67(深:L4完:L3行:L3) 延迟:35.7s
[gen_004] Executor(research)... 质量:48(深:L4完:L2行:L2) 延迟:28.7s
[gen_005] Executor(code)... 质量:25(深:L3完:L2行:L1) 延迟:24.4s

============================================================
Benchmark 结果汇总
============================================================

[核心任务] 平均质量分: 42.7
  - 平均深度等级: L3.1
  - 平均完整性等级: L2.3
  - 平均可操作性等级: L2.3

[泛化任务] 平均质量分: 42.7
[Token消耗] 总计: 41937
[平均延迟] 29.6秒/任务
[可疑检测] 0 个任务标记为可疑

[综合评分] 41.73/100
[抗欺骗系数] 1.00
[总耗时] 688秒

[保存] 结果已保存至: /root/.openclaw/workspace/mas_repo/openclaw_native/benchmark_results_v11_gen1.json
