============================================================
OpenClaw Harness v17.0 - Explicit Actionability Reinforcement
核心：保持 v12 结构，强化 actionability 要求
============================================================
[core_001] Executor(research)... 质量:50(深:L3完:L3行:L3) 延迟:42.5s
[core_002] Executor(code)... 质量:35(深:L3完:L2行:L2) 延迟:34.7s
[core_003] Executor(research)... 质量:58(深:L4完:L3行:L3) 延迟:41.7s
[core_004] Executor(code)... 质量:68(深:L3完:L4行:L4) 延迟:29.6s
[core_005] Executor(review)... 质量:72(深:L4完:L3行:L3) 延迟:43.1s
[core_006] Executor(research)... 质量:45(深:L3完:L2行:L2) 延迟:41.0s
[core_007] Executor(code)... 质量:50(深:L3完:L3行:L3) 延迟:32.8s
[core_008] Executor(research)... 质量:72(深:L4完:L3行:L4) 延迟:36.2s
[core_009] Executor(code)... 质量:35(深:L2完:L2行:L2) 延迟:39.3s
[core_010] Executor(review)... 质量:58(深:L3完:L3行:L3) 延迟:38.7s
[gen_001] Executor(research)... 质量:68(深:L4完:L3行:L3) 延迟:58.5s
[gen_002] Executor(code)... 质量:20(深:L2完:L1行:L2) 延迟:40.7s
[gen_003] Executor(review)... 质量:73(深:L4完:L3行:L4) 延迟:57.1s
[gen_004] Executor(research)... 质量:55(深:L3完:L3行:L2) 延迟:57.9s
[gen_005] Executor(code)... 质量:25(深:L2完:L2行:L1) 延迟:37.7s

============================================================
Benchmark 结果汇总
============================================================

[核心任务] 平均质量分: 52.3
  - 平均深度等级: L3.1
  - 平均完整性等级: L2.7
  - 平均可操作性等级: L2.7

[泛化任务] 平均质量分: 52.3
[Token消耗] 总计: 43438
[平均延迟] 42.1秒/任务
[可疑检测] 0 个任务标记为可疑

[综合评分] 49.36/100
[抗欺骗系数] 1.00
[总耗时] 984秒

[保存] 结果已保存至: /root/.openclaw/workspace/mas_repo/openclaw_native/benchmark_results_v17_gen1.json
