============================================================
OpenClaw Harness v16.0 - Task-Specific Examples
核心：每种任务类型使用专用的 good example
============================================================
[core_001] Executor(research)... 质量:65(深:L4完:L3行:L3) 延迟:46.6s
[core_002] Executor(code)... 质量:10(深:L1完:L1行:L1) 延迟:34.5s
[core_003] Executor(research)... 质量:72(深:L4完:L3行:L3) 延迟:53.8s
[core_004] Executor(code)... 质量:49(深:L3完:L2行:L3) 延迟:41.7s
[core_005] Executor(review)... 质量:83(深:L4完:L4行:L3) 延迟:39.4s
[core_006] Executor(research)... 质量:62(深:L4完:L3行:L3) 延迟:51.8s
[core_007] Executor(code)... 质量:10(深:L1完:L1行:L1) 延迟:32.6s
[core_008] Executor(research)... 质量:50(深:L3完:L3行:L3) 延迟:43.8s
[core_009] Executor(code)... 质量:15(深:L1完:L1行:L1) 延迟:40.0s
[core_010] Executor(review)... 质量:78(深:L4完:L3行:L4) 延迟:55.7s
[gen_001] Executor(research)... 质量:78(深:L4完:L4行:L5) 延迟:57.7s
[gen_002] Executor(code)... 质量:25(深:L2完:L2行:L2) 延迟:36.3s
[gen_003] Executor(review)... 质量:50(深:L3完:L3行:L3) 延迟:59.3s
[gen_004] Executor(research)... 质量:50(深:L3完:L3行:L3) 延迟:60.8s
[gen_005] Executor(code)... 质量:18(深:L2完:L1行:L2) 延迟:33.5s

============================================================
Benchmark 结果汇总
============================================================

[核心任务] 平均质量分: 47.7
  - 平均深度等级: L2.9
  - 平均完整性等级: L2.5
  - 平均可操作性等级: L2.7

[泛化任务] 平均质量分: 47.7
[Token消耗] 总计: 43129
[平均延迟] 45.8秒/任务
[可疑检测] 0 个任务标记为可疑

[综合评分] 45.03/100
[抗欺骗系数] 1.00
[总耗时] 1087秒

[保存] 结果已保存至: /root/.openclaw/workspace/mas_repo/openclaw_native/benchmark_results_v16_gen1.json
