============================================================
OpenClaw Harness v12.0 - Few-Shot Actionability Examples
核心：使用 Good/Bad 示例引导，不增加复杂度
============================================================
[core_001] Executor(research)... 质量:76(深:L4完:L3行:L4) 延迟:40.6s
[core_002] Executor(code)... 质量:20(深:L3完:L1行:L1) 延迟:27.7s
[core_003] Executor(research)... 质量:62(深:L4完:L3行:L3) 延迟:31.7s
[core_004] Executor(code)... 质量:30(深:L2完:L2行:L2) 延迟:26.1s
[core_005] Executor(review)... 质量:72(深:L4完:L3行:L4) 延迟:34.8s
[core_006] Executor(research)... 质量:82(深:L4完:L4行:L5) 延迟:35.3s
[core_007] Executor(code)... 质量:50(深:L3完:L3行:L3) 延迟:26.5s
[core_008] Executor(research)... 质量:68(深:L4完:L3行:L3) 延迟:34.8s
[core_009] Executor(code)... 质量:28(深:L3完:L2行:L2) 延迟:28.0s
[core_010] Executor(review)... 质量:72(深:L4完:L3行:L4) 延迟:35.0s
[gen_001] Executor(research)... 质量:87(深:L4完:L4行:L5) 延迟:32.5s
[gen_002] Executor(code)... 质量:35(深:L2完:L2行:L2) 延迟:27.5s
[gen_003] Executor(review)... 质量:55(深:L3完:L3行:L3) 延迟:37.1s
[gen_004] Executor(research)... 质量:50(深:L3完:L3行:L3) 延迟:47.3s
[gen_005] Executor(code)... 质量:30(深:L2完:L2行:L2) 延迟:28.6s

============================================================
Benchmark 结果汇总
============================================================

[核心任务] 平均质量分: 54.5
  - 平均深度等级: L3.3
  - 平均完整性等级: L2.7
  - 平均可操作性等级: L3.1

[泛化任务] 平均质量分: 54.5
[Token消耗] 总计: 42823
[平均延迟] 32.9秒/任务
[可疑检测] 0 个任务标记为可疑

[综合评分] 51.97/100
[抗欺骗系数] 1.00
[总耗时] 772秒

[保存] 结果已保存至: /root/.openclaw/workspace/mas_repo/openclaw_native/benchmark_results_v12_gen1.json
