============================================================
OpenClaw Harness v19.0 - Enhanced Contrastive Examples
核心：强化 code example + 保持 type-aware evaluation
============================================================
[core_001] Executor(research)... 质量:58(深:L4完:L3行:L2) 延迟:60.4s
[core_002] Executor(code)... 质量:25(深:L2完:L2行:L1) 延迟:42.7s
[core_003] Executor(research)... 质量:76(深:L4完:L3行:L4) 延迟:50.3s
[core_004] Executor(code)... 质量:25(深:L2完:L2行:L2) 延迟:43.0s
[core_005] Executor(review)... 质量:50(深:L3完:L3行:L3) 延迟:50.9s
[core_006] Executor(research)... 质量:72(深:L4完:L3行:L4) 延迟:64.6s
[core_007] Executor(code)... 质量:25(深:L4完:L1行:L2) 延迟:43.6s
[core_008] Executor(research)... 质量:50(深:L3完:L3行:L3) 延迟:59.3s
[core_009] Executor(code)... 质量:35(深:L3完:L2行:L2) 延迟:47.2s
[core_010] Executor(review)... 质量:72(深:L4完:L3行:L3) 延迟:60.6s
[gen_001] Executor(research)... 质量:65(深:L4完:L3行:L3) 延迟:56.9s
[gen_002] Executor(code)... 质量:28(深:L2完:L2行:L2) 延迟:39.4s
[gen_003] Executor(review)... 质量:50(深:L3完:L3行:L3) 延迟:59.4s
[gen_004] Executor(research)... 质量:50(深:L3完:L3行:L3) 延迟:55.5s
[gen_005] Executor(code)... 质量:15(深:L2完:L2行:L1) 延迟:35.6s

============================================================
Benchmark 结果汇总
============================================================

[核心任务] 平均质量分: 46.4
  - 平均深度等级: L3.1
  - 平均完整性等级: L2.5
  - 平均可操作性等级: L2.5

[泛化任务] 平均质量分: 46.4
[Token消耗] 总计: 42113
[平均延迟] 51.3秒/任务
[可疑检测] 0 个任务标记为可疑

[综合评分] 43.67/100
[抗欺骗系数] 1.00
[总耗时] 1153秒

[保存] 结果已保存至: /root/.openclaw/workspace/mas_repo/openclaw_native/benchmark_results_v19_gen1.json
