============================================================
OpenClaw Harness v10.0 - Strict Comparative Evaluator
核心：L1-L5 严格分级，强制区分度
============================================================
[core_001] Executor(research)... 质量:50(深:L3完:L3行:L3) 延迟:36.6s
[core_002] Executor(code)... 质量:52(深:L3完:L3行:L2) 延迟:28.6s
[core_003] Executor(research)... 质量:54(深:L3完:L3行:L3) 延迟:37.1s
[core_004] Executor(code)... 质量:50(深:L3完:L3行:L3) 延迟:27.5s
[core_005] Executor(review)... 质量:50(深:L3完:L3行:L3) 延迟:40.3s
[core_006] Executor(research)... 质量:68(深:L4完:L3行:L3) 延迟:44.6s
[core_007] Executor(code)... 质量:50(深:L3完:L3行:L3) 延迟:21.9s
[core_008] Executor(research)... 质量:72(深:L4完:L3行:L3) 延迟:36.3s
[core_009] Executor(code)... 质量:45(深:L3完:L2行:L2) 延迟:21.2s
[core_010] Executor(review)... 质量:50(深:L3完:L3行:L3) 延迟:45.4s
[gen_001] Executor(research)... 质量:58(深:L4完:L3行:L2) 延迟:24.3s
[gen_002] Executor(code)... 质量:33(深:L2完:L2行:L1) 延迟:27.1s
[gen_003] Executor(review)... 质量:50(深:L3完:L3行:L3) 延迟:38.4s
[gen_004] Executor(research)... 质量:50(深:L3完:L3行:L3) 延迟:41.2s
[gen_005] Executor(code)... 质量:50(深:L3完:L3行:L3) 延迟:28.5s

============================================================
Benchmark 结果汇总
============================================================

[核心任务] 平均质量分: 52.1
  - 平均深度等级: L3.1
  - 平均完整性等级: L2.9
  - 平均可操作性等级: L2.7

[泛化任务] 平均质量分: 52.1
[Token消耗] 总计: 45005
[平均延迟] 33.3秒/任务
[可疑检测] 0 个任务标记为可疑

[综合评分] 49.84/100
[抗欺骗系数] 1.00
[总耗时] 802秒

[保存] 结果已保存至: /root/.openclaw/workspace/mas_repo/openclaw_native/benchmark_results_v10_gen1.json
