Loaded checkpoint with 12 tasks completed
[core_001] SKIP (already completed)
[core_002] SKIP (already completed)
[core_003] SKIP (already completed)
[core_004] SKIP (already completed)
[core_005] SKIP (already completed)
[core_006] SKIP (already completed)
[core_007] SKIP (already completed)
[core_008] SKIP (already completed)
[core_009] SKIP (already completed)
[core_010] SKIP (already completed)
[gen_001] SKIP (already completed)
[gen_002] SKIP (already completed)
[gen_003] Executor(review)... Score: 68.0 (iter=2)
[gen_004] Executor(research)... Score: 68.0 (iter=2)
[gen_005] Executor(code)... Score: 68.0 (iter=1)

============================================================
v12.0: Core=58.70 Gen=63.40 Composite=58.01
============================================================

Results saved to: benchmark_results_v12_0_gen1.json
