============================================================
Harness v2.0 - Self-Reflection Architecture (PARADIGM v2)
============================================================
[core_001] Executor(research)... Score: 42.0 (iter=2)
[core_002] Executor(code)... Score: 35.0 (iter=2)
[core_003] Executor(research)... Score: 52.0 (iter=2)
[core_004] Executor(code)... Score: 63.0 (iter=2)
[core_005] Executor(review)... Score: 72.0 (iter=2)
[core_006] Executor(research)... Score: 58.0 (iter=2)
[core_007] Executor(code)... Score: 45.0 (iter=2)
[core_008] Executor(research)... Score: 50.0 (iter=2)
[core_009] Executor(code)... Score: 38.0 (iter=2)
[core_010] Executor(review)... Score: 45.0 (iter=2)
[gen_001] Executor(research)... Score: 55.0 (iter=2)
[gen_002] Executor(code)... Score: 35.0 (iter=2)
[gen_003] Executor(review)... Score: 88.0 (iter=2)
[gen_004] Executor(research)... Score: 55.0 (iter=2)
[gen_005] Executor(code)... Score: 93.0 (iter=2)

============================================================
v2.0 PARADIGM: Core=50.00 Gen=65.20 Composite=54.64
============================================================

Results saved to: benchmark_results_v2_0_gen1_20260405_054919.json
