============================================================
OpenClaw Harness v9.0 - Self-Reflection Architecture
核心：Draft → Reflection → Revision → Evaluate
============================================================
[core_001] Draft(research)... 质量:50(深:50完:50行:50) 延迟:31.6s
[core_002] Draft(code)... 质量:50(深:50完:50行:50) 延迟:33.3s
[core_003] Draft(research)... 质量:50(深:50完:50行:50) 延迟:36.5s
[core_004] Draft(code)... 质量:50(深:50完:50行:50) 延迟:45.5s
[core_005] Draft(review)... 质量:50(深:50完:50行:50) 延迟:71.2s
[core_006] Draft(research)... 质量:50(深:50完:50行:50) 延迟:38.6s
[core_007] Draft(code)... 质量:50(深:50完:50行:50) 延迟:44.2s
[core_008] Draft(research)... 质量:50(深:50完:50行:50) 延迟:54.8s
[core_009] Draft(code)... 质量:50(深:50完:50行:50) 延迟:30.3s
[core_010] Draft(review)... 质量:50(深:50完:50行:50) 延迟:66.4s
[gen_001] Draft(research)... 质量:50(深:50完:50行:50) 延迟:58.0s
[gen_002] Draft(code)... 质量:50(深:50完:50行:50) 延迟:44.1s
[gen_003] Draft(review)... 质量:50(深:50完:50行:50) 延迟:66.7s
[gen_004] Draft(research)... 质量:50(深:50完:50行:50) 延迟:55.5s
[gen_005] Draft(code)... 质量:50(深:50完:50行:50) 延迟:46.3s

============================================================
Benchmark 结果汇总
============================================================

[核心任务] 平均质量分: 50.0
  - 技术深度: 50.0
  - 完整性: 50.0
  - 可操作性: 50.0

[泛化任务] 平均质量分: 50.0
[Token消耗] 总计: 49588
[平均延迟] 48.2秒/任务
[可疑检测] 0 个任务标记为可疑

[综合评分] 47.03/100
[抗欺骗系数] 1.00
[总耗时] 1426秒

[保存] 结果已保存至: /root/.openclaw/workspace/mas_repo/openclaw_native/benchmark_results_v9_gen1.json
