============================================================
Harness v9.0 - Type-Directed Strategy
============================================================
[core_001] Executor(research)... Score: 91.0 (iter=1)
[core_002] Executor(code)... Score: 38.0 (iter=1)
[core_003] Executor(research)... Score: 78.0 (iter=1)
[core_004] Executor(code)... Score: 50.0 (iter=1)
[core_005] Executor(review)... Score: 62.0 (iter=2)
[core_006] Executor(research)... Score: 50.0 (iter=1)
[core_007] Executor(code)... Score: 52.0 (iter=1)
[core_008] Executor(research)... Score: 88.0 (iter=1)
[core_009] Executor(code)... Score: 15.0 (iter=1)
[core_010] Executor(review)... Score: 50.0 (iter=2)
[gen_001] Executor(research)... Score: 50.0 (iter=1)
[gen_002] Executor(code)... Score: 55.0 (iter=1)
[gen_003] Executor(review)... Score: 72.0 (iter=1)
[gen_004] Executor(research)... Score: 88.0 (iter=1)
[gen_005] Executor(code)... Score: 42.0 (iter=1)

============================================================
v9.0: Core=57.40 Gen=61.40 Composite=56.73
============================================================

Results saved to: benchmark_results_v9_0_20260405_102944.json
