============================================================
Harness v27.0 - Core-Focused Enhancement
============================================================
[core_001] Executor(research)... Score: 50.0
[core_002] Executor(code)... Score: 28.0
[core_003] Executor(research)... Score: 55.0
[core_004] Executor(code)... Score: 45.0
[core_005] Executor(review)... Score: 58.0
[core_006] Executor(research)... Score: 50.0
[core_007] Executor(code)... Score: 35.0
[core_008] Executor(research)... Score: 78.0
[core_009] Executor(code)... Score: 45.0
[core_010] Executor(review)... Score: 50.0
[gen_001] Executor(research)... Score: 50.0
[gen_002] Executor(code)... Score: 45.0
[gen_003] Executor(review)... Score: 68.0
[gen_004] Executor(research)... Score: 50.0
[gen_005] Executor(code)... Score: 35.0

============================================================
v27.0: Core=49.40 Gen=49.60 Composite=47.55
============================================================
Test completed: 2026-04-04 18:35 GMT+8
